[debug] [2026-01-13T19:02:04.226Z] ----------------------------------------------------------------------
[debug] [2026-01-13T19:02:04.230Z] Command:       C:\nvm4w\nodejs\node.exe C:\nvm4w\nodejs\node_modules\firebase-tools\lib\bin\firebase.js projects:create
[debug] [2026-01-13T19:02:04.231Z] CLI Version:   15.2.1
[debug] [2026-01-13T19:02:04.231Z] Platform:      win32
[debug] [2026-01-13T19:02:04.231Z] Node Version:  v22.19.0
[debug] [2026-01-13T19:02:04.232Z] Time:          Wed Jan 14 2026 00:32:04 GMT+0530 (India Standard Time)
[debug] [2026-01-13T19:02:04.232Z] ----------------------------------------------------------------------
[debug] 
[debug] [2026-01-13T19:02:04.559Z] > command requires scopes: ["email","openid","https://www.googleapis.com/auth/cloudplatformprojects.readonly","https://www.googleapis.com/auth/firebase","https://www.googleapis.com/auth/cloud-platform"]
[debug] [2026-01-13T19:02:04.559Z] > authorizing via signed-in user (pushkarkumar0997@gmail.com)
[debug] [2026-01-13T19:02:15.877Z] Checked if tokens are valid: true, expires at: 1768334239411
[debug] [2026-01-13T19:02:15.877Z] Checked if tokens are valid: true, expires at: 1768334239411
[debug] [2026-01-13T19:02:15.880Z] >>> [apiv2][query] POST https://firebase.googleapis.com/v1/projects:checkProjectId [none]
[debug] [2026-01-13T19:02:15.880Z] >>> [apiv2][body] POST https://firebase.googleapis.com/v1/projects:checkProjectId {"proposedId":"quantum-arcade-pushkar-01"}
[debug] [2026-01-13T19:02:16.860Z] <<< [apiv2][status] POST https://firebase.googleapis.com/v1/projects:checkProjectId 200
[debug] [2026-01-13T19:02:16.860Z] <<< [apiv2][body] POST https://firebase.googleapis.com/v1/projects:checkProjectId {"projectIdStatus":"PROJECT_ID_AVAILABLE","suggestedProjectId":"quantum-arcade-pushkar-01"}
[debug] [2026-01-13T19:02:24.905Z] Checked if tokens are valid: true, expires at: 1768334239411
[debug] [2026-01-13T19:02:24.905Z] Checked if tokens are valid: true, expires at: 1768334239411
[debug] [2026-01-13T19:02:24.906Z] >>> [apiv2][query] POST https://cloudresourcemanager.googleapis.com/v1/projects [none]
[debug] [2026-01-13T19:02:24.906Z] >>> [apiv2][body] POST https://cloudresourcemanager.googleapis.com/v1/projects {"projectId":"quantum-arcade-pushkar-01","name":"quantum-arcade-pushkar-01"}
[debug] [2026-01-13T19:02:25.655Z] <<< [apiv2][status] POST https://cloudresourcemanager.googleapis.com/v1/projects 200
[debug] [2026-01-13T19:02:25.655Z] <<< [apiv2][body] POST https://cloudresourcemanager.googleapis.com/v1/projects {"name":"operations/create_project.global.8120137457715028352"}
[debug] [2026-01-13T19:02:25.656Z] Checked if tokens are valid: true, expires at: 1768334239411
[debug] [2026-01-13T19:02:25.656Z] Checked if tokens are valid: true, expires at: 1768334239411
[debug] [2026-01-13T19:02:25.656Z] >>> [apiv2][query] GET https://cloudresourcemanager.googleapis.com/v1/operations/create_project.global.8120137457715028352 [none]
[debug] [2026-01-13T19:02:27.297Z] <<< [apiv2][status] GET https://cloudresourcemanager.googleapis.com/v1/operations/create_project.global.8120137457715028352 200
[debug] [2026-01-13T19:02:27.298Z] <<< [apiv2][body] GET https://cloudresourcemanager.googleapis.com/v1/operations/create_project.global.8120137457715028352 {"name":"operations/create_project.global.8120137457715028352"}
[debug] [2026-01-13T19:02:27.804Z] [Project Creation Poller] Retrying task index 0
[debug] [2026-01-13T19:02:27.805Z] Checked if tokens are valid: true, expires at: 1768334239411
[debug] [2026-01-13T19:02:27.805Z] Checked if tokens are valid: true, expires at: 1768334239411
[debug] [2026-01-13T19:02:27.805Z] >>> [apiv2][query] GET https://cloudresourcemanager.googleapis.com/v1/operations/create_project.global.8120137457715028352 [none]
[debug] [2026-01-13T19:02:28.815Z] <<< [apiv2][status] GET https://cloudresourcemanager.googleapis.com/v1/operations/create_project.global.8120137457715028352 200
[debug] [2026-01-13T19:02:28.815Z] <<< [apiv2][body] GET https://cloudresourcemanager.googleapis.com/v1/operations/create_project.global.8120137457715028352 {"name":"operations/create_project.global.8120137457715028352","metadata":{"@type":"type.googleapis.com/google.cloudresourcemanager.v1.ProjectCreationStatus","gettable":true,"ready":true},"done":true,"response":{"@type":"type.googleapis.com/google.cloudresourcemanager.v1.Project","projectNumber":"985975878146","projectId":"quantum-arcade-pushkar-01","lifecycleState":"ACTIVE","name":"quantum-arcade-pushkar-01","createTime":"2026-01-13T19:02:25.462696Z"}}
[debug] [2026-01-13T19:02:28.818Z] Checked if tokens are valid: true, expires at: 1768334239411
[debug] [2026-01-13T19:02:28.818Z] Checked if tokens are valid: true, expires at: 1768334239411
[debug] [2026-01-13T19:02:28.818Z] >>> [apiv2][query] POST https://firebase.googleapis.com/v1beta1/projects/quantum-arcade-pushkar-01:addFirebase [none]
[debug] [2026-01-13T19:02:38.731Z] <<< [apiv2][status] POST https://firebase.googleapis.com/v1beta1/projects/quantum-arcade-pushkar-01:addFirebase 403
[debug] [2026-01-13T19:02:38.731Z] <<< [apiv2][body] POST https://firebase.googleapis.com/v1beta1/projects/quantum-arcade-pushkar-01:addFirebase {"error":{"code":403,"message":"The caller does not have permission","status":"PERMISSION_DENIED"}}
[debug] [2026-01-13T19:02:38.734Z] Request to https://firebase.googleapis.com/v1beta1/projects/quantum-arcade-pushkar-01:addFirebase had HTTP Error: 403, The caller does not have permission
[debug] [2026-01-13T19:02:38.737Z] FirebaseError: Request to https://firebase.googleapis.com/v1beta1/projects/quantum-arcade-pushkar-01:addFirebase had HTTP Error: 403, The caller does not have permission
    at responseToError (C:\Users\Dell\AppData\Local\nvm\v22.19.0\node_modules\firebase-tools\lib\responseToError.js:53:12)
    at RetryOperation._fn (C:\Users\Dell\AppData\Local\nvm\v22.19.0\node_modules\firebase-tools\lib\apiv2.js:320:77)
    at process.processTicksAndRejections (node:internal/process/task_queues:105:5)
[error] 
[error] Error: Failed to add Firebase to Google Cloud Platform project. See firebase-debug.log for more info.
